<?xml version="1.0" encoding="utf-8" standalone="no"?>
<!--This file represents the results of running a test suite-->
<test-results name="C:\Projects\EmployeeTrainingProject\trunk\src\EmployeeTraining\Tests\bin\Debug\Tests.dll" total="5" errors="0" failures="0" not-run="0" inconclusive="0" ignored="0" skipped="0" invalid="0" date="2012-12-16" time="07:43:59">
  <environment nunit-version="2.6.0.12035" clr-version="2.0.50727.5466" os-version="Microsoft Windows NT 6.1.7601 Service Pack 1" platform="Win32NT" cwd="C:\Projects\EmployeeTrainingProject\trunk\src\EmployeeTraining\Tests\bin\Debug" machine-name="AQUARIUS" user="Administrator" user-domain="AQUARIUS" />
  <culture-info current-culture="en-US" current-uiculture="en-US" />
  <test-suite type="Assembly" name="C:\Projects\EmployeeTrainingProject\trunk\src\EmployeeTraining\Tests\bin\Debug\Tests.dll" executed="True" result="Success" success="True" time="6.125" asserts="0">
    <results>
      <test-suite type="Namespace" name="Tests" executed="True" result="Success" success="True" time="6.109" asserts="0">
        <results>
          <test-suite type="Namespace" name="DataAccess" executed="True" result="Success" success="True" time="6.109" asserts="0">
            <results>
              <test-suite type="Namespace" name="DAO" executed="True" result="Success" success="True" time="6.109" asserts="0">
                <results>
                  <test-suite type="TestFixture" name="EmployeeDAOTest" executed="True" result="Success" success="True" time="6.109" asserts="0">
                    <results>
                      <test-case name="Tests.DataAccess.DAO.EmployeeDAOTest.DeleteEmployeeTest" executed="True" result="Success" success="True" time="5.750" asserts="0" />
                      <test-case name="Tests.DataAccess.DAO.EmployeeDAOTest.SelectAllEmployeesTest" executed="True" result="Success" success="True" time="0.125" asserts="8" />
                      <test-case name="Tests.DataAccess.DAO.EmployeeDAOTest.SelectEmployeeByIDTest" executed="True" result="Success" success="True" time="0.047" asserts="7" />
                      <test-case name="Tests.DataAccess.DAO.EmployeeDAOTest.SetEmployeeIsActiveStateTest" executed="True" result="Success" success="True" time="0.047" asserts="3" />
                      <test-case name="Tests.DataAccess.DAO.EmployeeDAOTest.UpdateEmployeeTest" executed="True" result="Success" success="True" time="0.078" asserts="2" />
                    </results>
                  </test-suite>
                </results>
              </test-suite>
            </results>
          </test-suite>
        </results>
      </test-suite>
    </results>
  </test-suite>
</test-results>